<?xml version="1.0" encoding="UTF-8"?>
<!-- Generated by org.testng.reporters.JUnitXMLReporter -->
<testsuite ignored="0" hostname="SelotSofts-MacBook-Pro-3.local" failures="0" tests="2" name="LOGIN_TEST" time="1.375" errors="0" timestamp="06 Oct 2018 07:25:37 GMT">
  <testcase classname="cucumber.api.testng.AbstractTestNGCucumberTests" name="feature" time="0.367"/>
  <testcase classname="cucumber.api.testng.AbstractTestNGCucumberTests" name="feature" time="0.019"/>
</testsuite> <!-- LOGIN_TEST -->
