<?xml version="1.0" encoding="UTF-8"?>
<testng-results ignored="0" total="2" passed="2" failed="0" skipped="0">
  <reporter-output>
  </reporter-output>
  <suite started-at="2018-10-06T07:25:35Z" name="willu_Auth_UAT_CUCUMBER_TESTS" finished-at="2018-10-06T07:25:36Z" duration-ms="1375">
    <groups>
      <group name="cucumber">
        <method signature="AbstractTestNGCucumberTests.feature(cucumber.api.testng.CucumberFeatureWrapper)[pri:0, instance:TestRunner.AuthRunner@4f80542f]" name="feature" class="cucumber.api.testng.AbstractTestNGCucumberTests"/>
        <method signature="AbstractTestNGCucumberTests.feature(cucumber.api.testng.CucumberFeatureWrapper)[pri:0, instance:TestRunner.Resend_verf_runner@60bd273d]" name="feature" class="cucumber.api.testng.AbstractTestNGCucumberTests"/>
      </group> <!-- cucumber -->
    </groups>
    <test started-at="2018-10-06T07:25:35Z" name="LOGIN_TEST" finished-at="2018-10-06T07:25:36Z" duration-ms="1375">
      <class name="TestRunner.Resend_verf_runner">
        <test-method is-config="true" signature="setUpClass()[pri:0, instance:TestRunner.Resend_verf_runner@60bd273d]" started-at="2018-10-06T07:25:36Z" name="setUpClass" finished-at="2018-10-06T07:25:36Z" duration-ms="17" status="PASS">
          <reporter-output>
          </reporter-output>
        </test-method> <!-- setUpClass -->
        <test-method signature="feature(cucumber.api.testng.CucumberFeatureWrapper)[pri:0, instance:TestRunner.Resend_verf_runner@60bd273d]" started-at="2018-10-06T07:25:36Z" name="feature" description="Runs Cucumber Feature" data-provider="features" finished-at="2018-10-06T07:25:36Z" duration-ms="19" status="PASS">
          <params>
            <param index="0">
              <value>
                <![CDATA[the user has not used resend code 3 or more times]]>
              </value>
            </param>
          </params>
          <reporter-output>
          </reporter-output>
        </test-method> <!-- feature -->
        <test-method is-config="true" signature="tearDownClass()[pri:0, instance:TestRunner.Resend_verf_runner@60bd273d]" started-at="2018-10-06T07:25:36Z" name="tearDownClass" finished-at="2018-10-06T07:25:36Z" duration-ms="105" status="PASS">
          <reporter-output>
          </reporter-output>
        </test-method> <!-- tearDownClass -->
      </class> <!-- TestRunner.Resend_verf_runner -->
      <class name="TestRunner.AuthRunner">
        <test-method is-config="true" signature="setUpClass()[pri:0, instance:TestRunner.AuthRunner@4f80542f]" started-at="2018-10-06T07:25:35Z" name="setUpClass" finished-at="2018-10-06T07:25:35Z" duration-ms="276" status="PASS">
          <reporter-output>
          </reporter-output>
        </test-method> <!-- setUpClass -->
        <test-method signature="feature(cucumber.api.testng.CucumberFeatureWrapper)[pri:0, instance:TestRunner.AuthRunner@4f80542f]" started-at="2018-10-06T07:25:35Z" name="feature" description="Runs Cucumber Feature" data-provider="features" finished-at="2018-10-06T07:25:36Z" duration-ms="367" status="PASS">
          <params>
            <param index="0">
              <value>
                <![CDATA[first time app user registration process,registration requires verification code to be entered which is received to the user via sms,along side]]>
              </value>
            </param>
          </params>
          <reporter-output>
          </reporter-output>
        </test-method> <!-- feature -->
        <test-method is-config="true" signature="tearDownClass()[pri:0, instance:TestRunner.AuthRunner@4f80542f]" started-at="2018-10-06T07:25:36Z" name="tearDownClass" finished-at="2018-10-06T07:25:36Z" duration-ms="469" status="PASS">
          <reporter-output>
          </reporter-output>
        </test-method> <!-- tearDownClass -->
      </class> <!-- TestRunner.AuthRunner -->
    </test> <!-- LOGIN_TEST -->
  </suite> <!-- willu_Auth_UAT_CUCUMBER_TESTS -->
</testng-results>
